<?xml version="1.0" encoding="UTF-8"?>
<!-- Generated by org.testng.reporters.JUnitReportReporter -->
<testsuite hostname="Macbook-15-Scratched-2.local" failures="0" tests="1" name="com.wiki.seleniumScripts.Script2" time="5.224" errors="0" timestamp="15 Mar 2022 03:48:49 GMT" skipped="0">
  <testcase classname="com.wiki.seleniumScripts.Script2" name="wikiSearchtest" time="5.224"/>
</testsuite> <!-- com.wiki.seleniumScripts.Script2 -->
